<?xml version="1.0" encoding="UTF-8"?>
<!-- Generated by org.testng.reporters.JUnitReportReporter -->
<testsuite hostname="Harsh-PC" name="org.apache.maven.maven_JKT.TestClass" tests="2" failures="0" timestamp="11 Jul 2018 15:13:30 GMT" time="78.160" errors="0">
  <testcase name="VerifyPaybleAmount" time="41.126" classname="org.apache.maven.maven_JKT.TestClass"/>
  <testcase name="VerifyChildTicket" time="37.034" classname="org.apache.maven.maven_JKT.TestClass"/>
</testsuite> <!-- org.apache.maven.maven_JKT.TestClass -->
