<?xml version="1.0" encoding="UTF-8"?>
<!-- Generated by org.testng.reporters.JUnitReportReporter -->
<testsuite hostname="Harsh-PC" name="org.apache.maven.maven_JKT.TestClass" tests="1" failures="0" timestamp="10 Jul 2018 20:04:20 GMT" time="62.422" errors="0">
  <testcase name="VerifyChildTicket" time="62.422" classname="org.apache.maven.maven_JKT.TestClass"/>
</testsuite> <!-- org.apache.maven.maven_JKT.TestClass -->
